2025-02-21T00:50:29.259Z - Swap detected: 23WfAHpasVoa9CtcVZRAvbmVL6HcfmssqrAFJQnviw6B2Rebk8Hwg9StM9WhTLhXMYkHJX2TZSX8Twg6QQmUjhZo
2025-02-21T00:50:29.330Z - Swap detected: GmeBLQa6jjzHkJaXDuv9fLYC3QfS8nf9LjiQ9kcWLr9n1nWHhQGoVn9uu7VUKhXr3czScB9NP7wQWpyJmDNaK5e
2025-02-21T00:50:29.343Z - Swap detected: 46Rw9nTfQEe681pH65NtSfAUAZPj7ad9EtTMN3DdkZRDFxu6QZ7h25M62TbkAv3jE4uevDy9z2nHpS1P8tV2onat
2025-02-21T00:50:29.369Z - Swap detected: eQFinuFzTaTkKaf2jB53aV44ee3AdLeRPCRgWtR3goxpeue1NJdb9dvK9W1ohBUMw5tFeoXNKRpAhDmuBH5aAkX
2025-02-21T00:50:29.397Z - Swap detected: 3dJzcLSqosfGgqdVQQTA7iMtbRzsZ829JLvUjTcZKAFEAkURc28KszbjuyBNfzdxZL1ZsRvzcdbxwXuatLW6pwo3
2025-02-21T00:50:29.484Z - Swap detected: 4PCJEMJfZSfMGU1vv3bhzhNxFz3VvGXhu7q8j2B9yQ1vtVzPP34fieUvCGCQMR5jWjYpanS31wnYGtC96HWyTX3r
2025-02-21T00:50:29.495Z - Swap detected: 4rv1qMwPyHjQ9dbBeSzRA3GVVB6NA12bpgDpmV6XiTAAyTBQn3BnsqK2BZRqHnxMuiurFhWfT8MJx1WKYnh6V4Ph
2025-02-21T00:50:29.507Z - Swap detected: 5vwAmQ6nN75GRUEPWv1VVsSsy2SWtocCbdiosLMArbThyv5sGThcmYcEsaqw34tdHyVTQvLJMaQdzH2SXMhXZpxG
2025-02-21T00:50:29.530Z - Swap detected: 5U4KnAX9sdt9bzpw7nJ4T7y5uffvZAEN7ii56g88yr94rJ45AY7aevQV7qjhHM1xc7yf4ShSuTHnigcQeJRZexk1
2025-02-21T00:50:29.559Z - Swap detected: 3S6ZL7K1FCrMFQghnGW3FYvdTbF79uhvqBqx3JgDwAcrHsjKPrX73UZVubmQdoxBrNZJtcPxjKqeAPG9na8f6Tzh
2025-02-21T00:50:29.709Z - Swap detected: jc8J7mmMGfBKwqZkJV6rCaWQ8GEun9LULzqCtPvaJeSi7HwFbhhQfm3GH3KBBxcUYUJQ22wU8LLwwXSsUzf5BZ8
2025-02-21T00:50:29.728Z - Swap detected: T8JGNHvmBaBVQEMe2te3s98E7c3kYAZahS9uj8cBT4U981LCxMtHr7wYVm14aNSEsADYHSZXtF3jLokLH5T1QPq
2025-02-21T00:50:29.752Z - Swap detected: 2f5cZHCfJjt3egXWqqoJKVSAfFkMZWoxRn8AbFdFP1TP4U5QYJ4YtVvMymErZZKgqU3YHrEtYupe3PHZ3bR6zfm7
2025-02-21T00:50:29.950Z - Swap detected: Vb5NZ7va14Nv1J3N7k1tWjxkNow1z9bMJXtj34VEcrWcEKrYUhrSRnaMd9tjDK78U3ENwwz4ADvTN16D8aE4riv
2025-02-21T00:50:30.005Z - Swap detected: 3C4ekB4NJVCP4cKpnSfzSk2xC7e63tzuqo362FX5w5VfwPL2DKGemzAkQGaWWdCN3P2rM8WFj92JkkZazuzs2HiS
2025-02-21T00:50:30.263Z - Swap detected: 25cY3GC2TMg6zQJ1hL7Kd1w3JxrjSPm8bAwA4Jx9344NF9R6HGbThq8H8YFwKpmtu15Qfa9rcKy9BrfWCHHzT7vD
2025-02-21T00:50:30.350Z - Swap detected: FoHDm7Smr5xax7iEGhruZjusDZULeF7m88rokminRGhH8UvYr3GvEpL14nirom2fFbjNGUPFWq4RnHC1VmbyuBH
2025-02-21T00:50:30.361Z - Swap detected: 43zdSxeTamFqmpYjXMbSz6NVEUKG74765hKT3RqJ5vjBdYFqgsK8vuiNAYT654YWRH4G1QW1JBm7FFgmZbK2q7T1
2025-02-21T00:50:30.476Z - Swap detected: 5mFYXij3ktfQci5RXauKrQLjfBjX7ZXMbqv4VNTfQHgvxkgNCNFhwogC61J4gFYHcaUttdj7QLd6DtyQu3yhrn1A
2025-02-21T00:50:30.483Z - Swap detected: 2VKFbra21G63u2Vo3pT4gciiDeeUZ5MbRJcMh9BqUi6jEZKBSodPxneKk4cCPzmd1cByC2up3xfHVZ6R47BYPNsV
2025-02-21T00:50:30.488Z - Swap detected: 5LDcMgfzjAgSTVFLHZv2ub3qKo1X3Eq33mN4sdrKmHJhvqBB3Hu5htFMcBDPr5x7v3M6L6ViQwac8XbQRE4fz1f9
2025-02-21T00:50:30.498Z - Swap detected: 48BJfxMKzBoH6zZ3BcemsXy17rQLNxp8oaB9z96YcGBch9voJe2ZwPih2g642KGhYQVFF1yMnkTvtYpFhCcyYi6q
2025-02-21T00:50:30.689Z - Swap detected: 2obpAF7WMDEtnEH9HmeAcaDWA7iWGXdv3qHa7F8WzPDv452SHsdenwL51C2ecjrt6anwNZ7GiXabHCQQ8hnb6NCL
2025-02-21T00:50:30.716Z - Swap detected: 99xmoUjvYqB3hvtofCphYaiznLa4wFVjBFMQm7kLmdgRRgwrnqhmvMEFukbk14QWaXfUC5ee68FtiGJ12nxrpud
2025-02-21T00:50:30.880Z - Swap detected: 4jrUAZtSBi4WrwQvTaxdtjszcKyzN8AwtMi7Ebcz75eHbtN4v8Yp3ToN9Y1t8FQ1zaUuBif5hY2tLw7LLj83Gqo9
2025-02-21T00:50:30.914Z - Swap detected: 3FcgjBctUeP5rqM7YRC5Qaq1gbPPcKi6XHNfSDL7qW6SmeqNPfBFvbYbrk7GmGSaHsPQfsbokA6tothQYxQEwC3b
2025-02-21T00:50:31.128Z - Swap detected: 5oLt3GL6W32HQP2DodjCGBoasuoNfMraXg2scHpEXdBAnxbzKvQLnpQyqQT2tpeH9dysFs3QCgQZ5NXqnWEkq8qS
2025-02-21T00:50:31.138Z - Swap detected: 46kdKtxEta9EiBxyzFmv1iTAESKdgTzhgsoRacVrXabpAdLF8e4FbH1gGgGaGmvDkbWU9GgdqY3MHjp9Np63tAFS
2025-02-21T00:50:31.197Z - Swap detected: ya8ctTth8P1ZccZk6s8v1UsKXXuXfFXhXzvNTtpcmYUuUd6JFAZG7ud5rekh62QHzmkp4YtYHr88AxvjWsYBxde
2025-02-21T00:50:31.215Z - Swap detected: 2GJ6Lbiq3XSDHWdZFihxzA5BHLTqTaMS3X1QGw3NeftuAczeArnef4kA5K9LW5x3pGz8e2xvBWYwQkCELjkDoyUv
2025-02-21T00:50:31.230Z - Swap detected: sHzvxp7kK8FGtbmu4tapVkMzMRuDKcPQenPFz9QL2mSAqkrEhkd8UEsrmdxy2vbQePH8rpmmxEmwGJuoSScUvnV
2025-02-21T00:50:31.244Z - Swap detected: 2B95PJk9x3BvrMDTYgvdLWG1FiybD2uGjeXKUExoj9F7tMGjWTZLpd2iSYf49SE5zMGokYQuo724SbxZVG8CuwVn
2025-02-21T00:50:31.566Z - Swap detected: bLN3co3126V7Q3WUzbYprjcoKikHJZnmFoVUaxDKmNVWfvDMF87LZ1gYYzLNnkig1TFj8W2xXUEJuX2jWJJyh43
2025-02-21T00:50:31.587Z - Swap detected: 3MvDcdEEpebwNKqG12hB9AoxMGoUjDU5ucjnVWBR3bFX8nKdsrfE75N6YTK4huK1ZgRMsdGmFEWTM1zkNrg6BuCu
2025-02-21T00:50:31.599Z - Swap detected: 3bF6gZZbBv6qzep5vTHEQyWTJUHrP4pxnLd7S6L3SmU8LQ5dueGjw2sHQvvqdhHSqshT3iVznc2XTqgu4KK9xABe
2025-02-21T00:50:34.123Z - Swap detected: 31is6wf67h8xweV6hwXa1YK9PtjPRCgUE3HFroswcwRee9q1YkiX7mnLaBGAyPXTdnz3wZYDY4LS6PR2NYak2afG
2025-02-21T00:50:34.142Z - Swap detected: MQkXBvN4S8A69bFz86FGx5ztNTeQXWSLejPXTx7cTYTYifNWyBLT4YhNUGVKcxj9qaukmTGU5gYcrJcWgaEtBzB
2025-02-21T00:50:34.169Z - Swap detected: 3dy9fmaJ67L484Wn1uRzT39hZNXztD7cqDH7FsaU71RSgRaXaHaQvmMJhFGoBXtjxHYRaoffUW2FyNkwgBb2m193
2025-02-21T00:50:34.182Z - Swap detected: 2EBPD5rmyeJFqC9Em476QkHjExamhnyZJuw7LBXcb8Eu587ijM2MBgWt4iJfEAWqo3zFhwH6HVygSXiK1qYfxBw5
2025-02-21T00:50:34.210Z - Swap detected: 3uqvBwLwbKq3HvBN8EFviFmpnkMUgyLbe2UuvVgFLw4ioW9Tit4twzW5ijn71FdVHvSJoeumvZpcMRnZDbXRdZKP
2025-02-21T00:50:34.277Z - Swap detected: 22hhPjz6P8vxHyTadgFqTzZDiB8LcktsgKumxnwh6x8ZdYP8SQFDdra9LNdAPeuCwE8DjcbxNWukkmLMCe9CfP7m
2025-02-21T00:50:34.314Z - Swap detected: 5hUcZe3UmGdkoccAX9YHj5DeJaGmDHuosjcuoyCiUjjaHNUvfqLuLArZcmiuSmwrf78F2NYYvMTiBsnjNTS6scQd
2025-02-21T00:50:34.349Z - Swap detected: 3HwNLE2WGYkT6ryoeGc4xbednTmGZeunD4xXSewMB1cftD7rczh4dVGMYZaKNpwXaU8nQ81535A2Xfmpd9dbtjj1
2025-02-21T00:50:34.512Z - Swap detected: N7b5SHB5RTa3bMpvB7Gf6AsZomrF126BWg6i5MUm9WjBkDLE4oKaGih8ZqKztRN8tG8tK1gMjUat6KyTCZhe2DW
2025-02-21T00:50:34.524Z - Swap detected: 2BQknp2UA9hy4s6umfjXb8PMMXVm6XC7F2oaNnQaoHUmbbAoWnM34mgHHSrkSpPDKFMwtwCRz9dAHEhUxVwrDEEN
2025-02-21T00:50:34.540Z - Swap detected: 55onAktRpFFss23DoDZjvvnVhFLhxyoRekiFip2m4gjWqZFZFhR3heCtsUbnbFfUdoYepFg7aKxorXsH7Hg4iuHb
2025-02-21T00:50:34.684Z - Swap detected: jmwAEsRshEaVMJu8pyoa8drN5wMearMduAmhyfLwXn2dRjTsMc1P6FLDvNc1caRgeEfUwZa37C6CTxe1M8n6NAG
2025-02-21T00:50:34.690Z - Swap detected: GvkjeM654a39wPNRGs3Htoh1Nxr6pDdZcrVg8f7UiiqGZafMjrtymzbH5EYkD36ZJvjjwENBDwudQtaJc3CUt7Q
2025-02-21T00:50:34.693Z - Swap detected: 39Xy13Li3DxiCFrLkxS4tdhgkdczFS4B6tTsp8dj3k5xBDKtWZA2y31yUJ56sj4UM1k2cjiGseXZi4XKmdxD1WXG
2025-02-21T00:50:34.708Z - Swap detected: 57RC7JZz4DzDdBxmFZffuzdSuu56BSeRC1nQyhxBQqbkdibiGVCwGhBWpsvfD5o3oL3jiyqMitHTjdyPBYMfFmcV
2025-02-21T00:50:34.717Z - Swap detected: s6aNLvTi7nQP8RQJXpAYc1iVnMu8p92Qu5VcDKr9XRDckZhTeUkeLsSwsWNtf2RxJY62mo6MPujm36y6RkXbTX5
2025-02-21T00:50:34.855Z - Swap detected: 5D7xytmFHN6AHpSnyGcmNCXabz3pJDgNzDk47RxvoNz6f8C1qYjNDrL12iDqr13BfgBnHbQSmy3Y6Sb3AiGWbrDr
2025-02-21T00:50:35.241Z - Swap detected: 3hQhfZeiZ2vVMB2RkR7isMpzs9wapderorWNXHmFpxm3dJG67iPC8MsPmcwxaeSw6xaGuugnXd7V1KExn8NdEt6J
2025-02-21T00:50:35.256Z - Swap detected: 3kHazc4aNponqPM4ikfup3Zuq7vVkzQ2qFba4zDVv3NwPjMCm99QLaPJcBKsAaDeLtQSDDALVUorYbd5iQc4fn7M
2025-02-21T00:50:35.268Z - Swap detected: 2NPFtaJXXEkw1YhECESqFb8NbsqXX88FeKoEtceSY54WgJcYovuSMao4aW4EdLQFssSc9hZBJnTJyfRWMiHtE5v2
2025-02-21T00:50:35.305Z - Swap detected: 2VdnTN2xYTgC6dW574XhN9fdCELQLt4CdnDc3LpZbo8vJrypqh3EJ45iqqveKZiT113JxQWGd6gpUCHMw8BsSFgy
2025-02-21T00:50:35.323Z - Swap detected: 4uV57XJZGbofP9R1C8RQ2Dxjafu7yM4qXbfWS7LMmhoa3mDuvAEYGNiTEgTDBmaqE1PPMW3VMZGPD5gZH3vij8B6
2025-02-21T00:50:35.371Z - Swap detected: 3bFtKJGvCpREDpa1nNn59yhbMQ7bVPJWHdZGAZdMEM5wff4LCbzRddtjnE4ZFDEWvaonnxYU7gEiSyAnqJtGYQNc
2025-02-21T00:50:35.385Z - Swap detected: hj58uDmVnTEsQupvpkypDpn97htMnpRGKmWmGayk5hoHowev9bzvuACGRbeDukQiyYeG7YYkfkcC1ynSmdvbuJz
2025-02-21T00:50:35.408Z - Swap detected: 4DZRsvsCwznGkN6aSJsANkyqfKsnkrsW3mGNzdGuFcVmSyuEYf6gfqcGwFcPBaDJMEDfgSwxkYNrpVLubmV5kn6X
2025-02-21T00:50:35.599Z - Swap detected: 2YSfTASiK8JcEkVhA9bbyVD6ANzRfwK7WQWaVVkHmU2AcNRtZ2pT3tZeyRTeqwi4gyw7w23Lf13eoBCd2gDYuxwy
2025-02-21T00:50:35.736Z - Swap detected: gPhCz1MQJrorm5VPM7BRRYqr9R6ZPF7qvQr57KxH8S8kk17XsmooraVxPgMUBtFZKKFhvG6w9nYF3XfpafXwP1c
2025-02-21T00:50:35.740Z - Swap detected: 5VHy4M1koCGsMW66Vdo4oMzxf3wiz3WiRDFLa2HmizqtjLdkVWakXU4qN5DfHE3qwZ38krvRzKqACrparskSQtX5
2025-02-21T00:50:35.756Z - Swap detected: KV2CqrB4QsP6P4CobK73NXquWWgZ68syw9Cm4qvvMmHMrD2qaKWyy7Dz1eCR4HBEnZ2RXSNknkD7o7928nibnse
2025-02-21T00:50:36.026Z - Swap detected: 2PZck9cDKifonEjRw8sjHowjMTxYzmi95dopLvaQ2WXdRvPYMFHp49yq9f8adzGGPwxvdkWq2fAmhVr4B7PTthoi
2025-02-21T00:50:36.041Z - Swap detected: 3XBD3jvZMrQ3rNb5BuZ9NvU6qvAFbH3ztSF38DuMxG18e1L3ZMwGKVFz5cYAV3GnRB4yNrciAjbkSKBwXEBympGX
2025-02-21T00:50:36.070Z - Swap detected: 5eesj7CJnPNzhx1cTTouUyNwF3iEijsVcThEHqWH5Z4QSk82rxKsfimbaQ4ohSb22ihKXLUiopVZT9jU37TceQ1E
2025-02-21T00:50:36.073Z - Swap detected: 2rNssaMq8HAXWuBcKyZ4yHqPmj9T68LPjCyS2xop7of1JGfALqqo1Uy1tFZ69PXZU78E6W8747YMEHSPb3oGqH5h
2025-02-21T00:50:36.147Z - Swap detected: 3rDwDjCzBNnVhv8nSi6YY3muAtXsQvLT2NoxVZhTs5ML1Ky9hzw25Tc1YALs6nnDJvqNTqhKQ3hcVD6tiqGTW21
2025-02-21T00:50:36.191Z - Swap detected: 2wCW4PairLy87YUQJhN5obSM9evJVtG2u2HZfPn3ouwRvL6kqEos9cMFWPzyBto35roiGjeBzBbLDvtKB2Vhdoxz
2025-02-21T00:50:36.302Z - Swap detected: 294qDuynaRPAwty2vxxfJxg8Rv1JHLhyFedV1Wnb55tytwG6pVb2Yg6em6vziYStQvduX5u31yFr3CrCGzbxaZc6
2025-02-21T00:50:36.332Z - Swap detected: 2wF9N8P5amASoFgCpCosj7dsSB9hzn8jpCw779myjJyEN3Ec3xEKafJ9z23iD5h6Py7WCTMoAfBbWfyjo7qxSzYa
2025-02-21T00:50:36.417Z - Swap detected: 321xPRzbRnYnamoqhSTzPRErdZrT7TsC9NjawPGuUKLGGxMeeoVZeai2877dxHzUkMjmi2V46fUZM5qK16f4xevC
2025-02-21T00:50:36.460Z - Swap detected: 4mPucUPLrKT17V8h89EnQbJ7s6X7dn4hhv3kMCJbwb4FAWwivXFiD8x43AihsaAUvKRkh7siVQBf1NtEE4eGbp4X
2025-02-21T00:50:36.486Z - Swap detected: 31Q8sQLVL6SX4cVPhinKiLbANGbbARMFD3Ko2aicYvkivsx8aJfpVVPE8NRzUCPwepJqn35VHNRZXPqRYs58CBuh
2025-02-21T00:50:36.513Z - Swap detected: 3jQzSAbJXV4AgW6ixmKiVp9pLkH7XRpocdrVk18HLucbg5VmSFARRz3mZMRDFLgEMtqS5k8QYFTMo8saBx6BAeua
2025-02-21T00:50:36.594Z - Swap detected: bgr1S6rAqCdzMVGPPxhKTEZ1ReKMo2eGDVanR8jz4c1W4BrZ8es8tFR5Prc4p5soqBwxRDreKtLyvRJZa5GtYqX
2025-02-21T00:50:36.692Z - Swap detected: 67h8YyruWMf393zC7rw3TqA8fFg7Ta4p4o9T2vHCPk4xVFMo1bWj5M6VhzUt1wWtjz7pUs9v7oitwPzB4qdMb7Rp
2025-02-21T00:50:36.708Z - Swap detected: 4Yv83KTBLr2u7gFNKucBKhz5F68oemHgN8YCuYxxeS9ZuNPBDbyzWes4gw5knpboT5BVyoLrfR7o5Mqdv2HTmkMs
2025-02-21T00:50:36.719Z - Swap detected: 5ksf9zxNwrxK1YoykUqh3dmixE88LGTZWh8FssP8gjRkDNW4tfye5oWAS4Dzix6SCWoizCd6KZzr1eq75vmrpgV6
2025-02-21T00:50:36.794Z - Swap detected: 5FNNVLfRW3nRaT9oAduRX7QzEhQzLFcMaV8wc6h9SXNBcWs5JK3qV1dXCELWv92wpWKhujPMCBCe48qYpxtEmZ8a
2025-02-21T00:50:36.815Z - Swap detected: 4eFSNDC5iuyqPcFTwpxRZpAazJxYMVmht5TCNvg2SmgzVRNaca7YAf8nBvsrPiJ9rc2AtuLhKbitdCnEwA8kUWVT
2025-02-21T00:50:36.845Z - Swap detected: 4XpkirfUgQUb9pAHJTtU8Di32jDDGhbxBzMVjUYFF7EzNEQHvfcHcsz6dyiCtwQKo1ejuS35yYFRRW5GBkrLsHBc
2025-02-21T00:50:36.936Z - Swap detected: 4otwg7sKZ2KNLRWFVuMKCLyteeEAXGJyAttaSWAHd8A8zP91EQpaQVNUH6Ha7Mc1HRR2tkY9N8Hitbe8c6ZTgcRq
2025-02-21T00:50:37.049Z - Swap detected: 2K3KnuATVeEdmmmmABHfGSPJzug6962mPVSkX7waXAnGLdVkTMibZ6o7bf46d7iw87s7tNu61785cUdgPmQoRch6
2025-02-21T00:50:37.144Z - Swap detected: 54zV8o3Sh5rSWRNYLpT4641uxm1EUEGaGgUqcrd5XRyfRofRzWiCZNWZcvXiMjJEDVWeGQKZqoEJm7SVrJLm8AB7
2025-02-21T00:50:37.186Z - Swap detected: 9wafa6mpuum7dhUFkMufbkMCwvtJEbt6PSkpYWXvTbbwfpGE4k5meDEPwXrh7Humr9AME5V6nVkBZPoKtBzjtpV
2025-02-21T00:50:37.275Z - Swap detected: 4mFeBAYdm9tcboEqMoVVRcN65TpzerU7psgsWMLuihSMFataqPfA9KZ7HLrJVbCvoJVyfAVetRUHM9XLs6sBegot
2025-02-21T00:50:37.278Z - Swap detected: 4WqM1yfcmG1qKZPRk4M6r7zMzokx9UX9KHtFSo9noXXNKVS8LBiMMSpknbN9Ywe2guypvv6J5cLs7oycrZcgvYaM
2025-02-21T00:50:37.283Z - Swap detected: 5ymauefEQtBTbXQLcfyeZdeNLcPsiuDjWtx93kxXvZxf48McE2x8pieEAKUkAmFiLmwpB312Zsh99wj6X5JZH3xg
2025-02-21T00:50:37.367Z - Swap detected: 5PVbqkSBpxcAt1ezaH4Es62KLSu6ceFsbxA8kKJFdLCBKRkVZ83xqntcnEpaA9qoTYV5BxJBFGbmSTP22opvHsyU
2025-02-21T00:50:37.535Z - Swap detected: 2nihPJ99xx4FzvXM3yjEuotr6L1191QuiAQmvny2Ry2HNV1KxrW5znguFBL5suKhteanvP5xLGPoc94ZsJPcLrP1
2025-02-21T00:50:37.622Z - Swap detected: 3aXVK3KkYnoLs9S7rwLLMEj9XXoCjYRS6RiPFiAqdz9vDTzV15geqngPrJszqGwH8sjefyFahPQWzGnFobEKiVNh
2025-02-21T00:50:37.669Z - Swap detected: 4zF9VeRwpfayN9pVJVhstY3V4GzG8whBnqcMo9wsRRDfxBqDP1S31FZpGB87uVkBb1ptPCAPterT1YM1iA3Ndqi9
2025-02-21T00:50:37.678Z - Swap detected: 4XZTHvE43FBNGq2f6nQB62xg4apGtF5B288CEi6ga91A377pAnQ6YvZiMsr83Rcdpokk9b7xhCBgq6j6BMu2qf3f
2025-02-21T00:50:37.709Z - Swap detected: 2tisgnjxDdrh8s68BXdhT2PUHsxn8zhKr4QLfRY67Z1cRWo3U2GdUconajWvJZvifLUr6y7PmZP7jRPQiJFWKRoS
2025-02-21T00:50:37.730Z - Swap detected: JSv8bJwAUixJCfmbpTUGEBK9hNnPYwoU3yeVYDYpbnts9FWjCsv27RmuhBDfNgiBQhhBzb7DadVRP4sZPg9Ejtn
2025-02-21T00:50:37.752Z - Swap detected: 2tv6zx7miN4RcfGrtsEuMv4oD9TJFmKUMWzYR9WRMRzhrysuqkMmyQbzGQLe6aBkDX2x8CGN6GbC1nD4FWZ9KB5c
2025-02-21T00:50:37.791Z - Swap detected: 2N3gN4Xi91WWMnnocGDoBFn1krMpQWEdLYJai6NaA5Y4P3tFKRcqBVEfxNnMnd2HPLgCrNErufgnuouZNQnnYoLw
2025-02-21T00:50:37.826Z - Swap detected: 2BNzJX9u2soMxUu1qmydwy3TZ1Y4GrbjhbuMNNCC5qh8eeWyCF9vNnraSXxvyM4vv3DdjGzkCTQieLLbZrqHurSN
2025-02-21T00:50:37.835Z - Swap detected: 4pQngx2rvJdo7ssfkZpiqWz4FjNptE6NFpgLVZ9dvD9Smek6GKAuWMGpsKH9pKGW6ukYDb1L9T2K1d95fbxGXj8A
2025-02-21T00:50:37.923Z - Swap detected: 39Yr4Det2kPEq3nJDiKNg5rgBQobR7bnCykDj6e6YFCyjjzvNuuDFhVn1TKu6tDgfVMq1H3aie4hMsBKN5xgyX8e
2025-02-21T00:50:37.955Z - Swap detected: 2hj8Atp8BwLm2xZhKvYDkg6Bs6GE1EtNNrVCgpEAxAeBqdKb519rLfwA76bnwD3QTMFyZcJKAjjVeK8pT6GxAMpQ
2025-02-21T00:50:37.982Z - Swap detected: FgN9b8HSCoBPVRKNm5vbU9xC8bgvVfY1VxDuKRuZ6n9s1EpJ3T3BtKGC2T7fuSCSARjFgX3BTMmBoAS1gTthqya
2025-02-21T00:50:37.999Z - Swap detected: 3HLQUATfEmreDHGhbcdmAmstUZj9BxmX69KVFAjVGgkyZaJ1DQKNr9t449RZzpwLUnMwCQSVBsMK5wqHT3yZxDrj
2025-02-21T00:50:38.023Z - Swap detected: 5wJYRNDD6d84LycU2Lj3nViJ7GuRqsKUW3uNaqkt61ZD41yoqsPe4x23RU9ouj1tiLFRCTsXBwg9yK17QPFFqFNp
2025-02-21T00:50:38.043Z - Swap detected: 24phtr5917BV4TUfcf6gEg8UskumD8qnEF1V5nGmQg6S5gQrJACXSCtT44dcTrMVURZVg9QqY17FEVtSbDdzp4KS
2025-02-21T00:50:38.254Z - Swap detected: 2iVvJNcqJzwVM7ByowtegvBoYGxtsbYgF3fUR3HqbDenWDUR6RRVBHB3KJP8s6fHpursh8PA7un5xP4QwAq3ghz1
2025-02-21T00:50:38.563Z - Swap detected: 2rHoqP66rqTHw8WZm1cJhsgDKNTp1pvayKE75p5cDFntafMAYUNAvTUwZWuQX4Q9J5G4kDAqNSyoWXJjjzUBEtPT
2025-02-21T00:50:38.595Z - Swap detected: 5spWofYQQKsJ6R8yP6saeY1aFxqyuMgu556ExfPMQYWVCZwrkLQ9ejo6JJgeT68nRhLXJ8QtApvzAcBYkj7ySskU
2025-02-21T00:50:38.623Z - Swap detected: 3gmmnbsb7XhzVyZBMZAru76xck3KHNLhekNhmXXtSabgeqpj2JjiNDFE9SxchhyqBYZkG1nKLZx6K99S2BprVT3c
2025-02-21T00:50:38.638Z - Swap detected: 3NsW2cwjRU81jnLZS2uxrjFdv2bG6e4jyrKCx3cradpGuHojw5KV9RT1ah8RCpu6AsuLCXLi1qe5crzLdR8yueyh
2025-02-21T00:50:38.737Z - Swap detected: 2kZ5KKjfyGjJF2WijxEL89EPHHjW5RQBsi5QQK6czDRoeSJWjpeF3hwuzYCphpaN3YQVRWNVzRctiZ9zgYuRYJGX
2025-02-21T00:50:38.787Z - Swap detected: 4HYU9eogfpkEacasNkHtjxswSGJyAWeSYttKew66agw3EyTVRY4hWnzgnrx1CfD9TFjNTxiESwM4snUrPbjky1Dg
2025-02-21T00:50:38.924Z - Swap detected: 5LUUiuoBJ7D8iPG9MFAtv6hpSq9tGSnoXKSJ8QmqqwzibgJicidrrfg1r6pCkEhaN21FSCMJpBMDLTX6yXjZLpCt
2025-02-21T00:50:38.996Z - Swap detected: 3w2zNbwT3y8sYrp6c8GDpUGT5GbGrRjaWjQjCth3M5syPr7hWHGCwhTFi17PXtv7jaBefbRAbmGy88o7dvgfYNYw
2025-02-21T00:50:39.014Z - Swap detected: 39wja43yuEdywufpcVuKibovdfa22Sanq3vu2pmjpweH5yukv4NWs6CwPuUpFSaKeLBBHyW4kSiCqwCoVy6Bx9em
2025-02-21T00:50:39.048Z - Swap detected: 5xmzSLA8wLmy6GCzkRAzBTQyfMgqxbRHwLU1DX7gcqmxwnxCksqXW9KwsM61Kpdyt3vSfjGfPVCHUTENufMdH2AX
2025-02-21T00:50:39.081Z - Swap detected: RkDWVxHCYGQr7jsCGoewkHPFZrQd5zgeYp1EL44hy3k7GitJw7YJzMh4Le82JTpkXPqwc9n7hQiYjE9Mxsjzjf3
2025-02-21T00:50:39.105Z - Swap detected: 4DE1s3bEhadPyP6yffZPxJVnmhBDwbxmbuYtGhicC6FFYxSEgYtP7H8F4VjNQUJoNHKm9ujJt18Xhaxy2sLT3n4s
