[2025-04-08T18:00:17.035Z] Starting Solana Trader Bot...
[2025-04-08T18:00:17.107Z] RPC Endpoint:
[2025-04-08T18:00:17.107Z] Monitoring Raydium transactions...
[2025-04-08T18:00:17.115Z] Server is running on port 3000
[2025-04-08T18:00:18.528Z] Transaction
[2025-04-08T18:00:18.529Z] This transaction does not appear to be a pump fun transaction
[2025-04-08T18:00:18.733Z] Transaction
[2025-04-08T18:00:18.733Z] This transaction does not appear to be a pump fun transaction
[2025-04-08T18:00:18.928Z] Transaction
[2025-04-08T18:00:18.928Z] This transaction does not appear to be a pump fun transaction
[2025-04-08T18:00:19.229Z] Transaction
[2025-04-08T18:00:19.230Z] This transaction does not appear to be a pump fun transaction
[2025-04-08T18:00:19.523Z] Transaction
[2025-04-08T18:00:19.523Z] This transaction does not appear to be a pump fun transaction
[2025-04-08T18:00:19.808Z] Transaction
[2025-04-08T18:00:20.019Z] Transaction
[2025-04-08T18:00:20.020Z] This transaction does not appear to be a pump fun transaction
[2025-04-08T18:00:20.334Z] Transaction
[2025-04-08T18:00:20.617Z] Transaction
[2025-04-08T18:00:20.828Z] Transaction
[2025-04-08T18:00:20.828Z] This transaction does not appear to be a pump fun transaction
[2025-04-08T18:00:21.114Z] Transaction
[2025-04-08T18:00:21.114Z] This transaction does not appear to be a pump fun transaction
[2025-04-08T18:00:21.304Z] Transaction
[2025-04-08T18:00:21.304Z] This transaction does not appear to be a pump fun transaction
[2025-04-08T18:00:21.478Z] Transaction
[2025-04-08T18:00:21.478Z] This transaction does not appear to be a pump fun transaction
[2025-04-08T18:00:21.768Z] Transaction
[2025-04-08T18:00:21.768Z] This transaction does not appear to be a pump fun transaction
[2025-04-08T18:00:22.043Z] Transaction
[2025-04-08T18:00:22.043Z] This transaction does not appear to be a pump fun transaction
[2025-04-08T18:00:22.336Z] Transaction
[2025-04-08T18:00:22.336Z] This transaction does not appear to be a pump fun transaction
[2025-04-08T18:00:22.542Z] Transaction
[2025-04-08T18:00:22.542Z] This transaction does not appear to be a pump fun transaction
[2025-04-08T18:00:22.780Z] Transaction
[2025-04-08T18:00:22.780Z] This transaction does not appear to be a pump fun transaction
[2025-04-08T18:00:23.099Z] Transaction
[2025-04-08T18:00:23.099Z] This transaction does not appear to be a pump fun transaction
[2025-04-08T18:00:23.385Z] Transaction
[2025-04-08T18:00:23.693Z] Transaction
[2025-04-08T18:00:23.996Z] Transaction
[2025-04-08T18:00:24.213Z] Transaction
[2025-04-08T18:00:24.492Z] Transaction
[2025-04-08T18:00:24.492Z] This transaction does not appear to be a pump fun transaction
[2025-04-08T18:00:24.766Z] Transaction
[2025-04-08T18:00:24.766Z] This transaction does not appear to be a pump fun transaction
[2025-04-08T18:00:25.243Z] Transaction
[2025-04-08T18:00:25.541Z] Transaction
[2025-04-08T18:00:25.853Z] Transaction
[2025-04-08T18:00:26.064Z] Transaction
[2025-04-08T18:00:26.064Z] This transaction does not appear to be a pump fun transaction
[2025-04-08T18:00:26.284Z] Transaction
[2025-04-08T18:00:26.284Z] This transaction does not appear to be a pump fun transaction
[2025-04-08T18:00:26.551Z] Transaction
[2025-04-08T18:00:27.075Z] Transaction
[2025-04-08T18:00:27.362Z] Transaction
[2025-04-08T18:00:27.601Z] Transaction
[2025-04-08T18:00:27.602Z] This transaction does not appear to be a pump fun transaction
[2025-04-08T18:00:27.828Z] Transaction
[2025-04-08T18:00:27.828Z] This transaction does not appear to be a pump fun transaction
[2025-04-08T18:00:28.111Z] Transaction
[2025-04-08T18:00:28.111Z] This transaction does not appear to be a pump fun transaction
[2025-04-08T18:00:28.307Z] Transaction
[2025-04-08T18:00:28.792Z] Transaction
[2025-04-08T18:00:28.793Z] This transaction does not appear to be a pump fun transaction
[2025-04-08T18:00:29.080Z] Transaction
[2025-04-08T18:00:29.080Z] This transaction does not appear to be a pump fun transaction
[2025-04-08T18:00:29.367Z] Transaction
[2025-04-08T18:00:29.367Z] This transaction does not appear to be a pump fun transaction
[2025-04-08T18:00:29.555Z] Transaction
[2025-04-08T18:00:29.555Z] This transaction does not appear to be a pump fun transaction
[2025-04-08T18:00:29.862Z] Transaction
[2025-04-08T18:00:29.862Z] This transaction does not appear to be a pump fun transaction
[2025-04-08T18:00:30.705Z] Transaction
[2025-04-08T18:00:30.705Z] This transaction does not appear to be a pump fun transaction
[2025-04-08T18:00:31.055Z] Transaction
[2025-04-08T18:00:31.055Z] This transaction does not appear to be a pump fun transaction
[2025-04-08T18:00:31.719Z] Transaction
[2025-04-08T18:00:31.719Z] This transaction does not appear to be a pump fun transaction
[2025-04-08T18:00:32.167Z] Transaction
[2025-04-08T18:00:32.168Z] This transaction does not appear to be a pump fun transaction
[2025-04-08T18:00:32.567Z] Transaction
[2025-04-08T18:00:32.567Z] This transaction does not appear to be a pump fun transaction
[2025-04-08T18:00:32.934Z] Transaction
[2025-04-08T18:00:33.593Z] Transaction
[2025-04-08T18:00:34.012Z] Transaction
[2025-04-08T18:00:34.220Z] Transaction
[2025-04-08T18:00:34.221Z] This transaction does not appear to be a pump fun transaction
[2025-04-08T18:00:34.693Z] Transaction
[2025-04-08T18:00:34.693Z] This transaction does not appear to be a pump fun transaction
[2025-04-08T18:00:35.161Z] Transaction
[2025-04-08T18:00:35.162Z] This transaction does not appear to be a pump fun transaction
[2025-04-08T18:00:35.353Z] Transaction
[2025-04-08T18:00:35.353Z] This transaction does not appear to be a pump fun transaction
[2025-04-08T18:00:35.559Z] Transaction
[2025-04-08T18:00:35.559Z] This transaction does not appear to be a pump fun transaction
[2025-04-08T18:00:36.069Z] Transaction
[2025-04-08T18:00:36.287Z] Transaction
[2025-04-08T18:00:36.287Z] This transaction does not appear to be a pump fun transaction
[2025-04-08T18:00:36.589Z] Transaction
[2025-04-08T18:00:36.863Z] Transaction
[2025-04-08T18:00:37.096Z] Transaction
[2025-04-08T18:00:37.301Z] Transaction
[2025-04-08T18:00:37.302Z] This transaction does not appear to be a pump fun transaction
[2025-04-08T18:00:37.511Z] Transaction
[2025-04-08T18:00:37.512Z] This transaction does not appear to be a pump fun transaction
[2025-04-08T18:00:37.721Z] Transaction
[2025-04-08T18:00:38.014Z] Transaction
[2025-04-08T18:00:38.014Z] This transaction does not appear to be a pump fun transaction
[2025-04-08T18:00:38.277Z] Transaction
[2025-04-08T18:00:38.554Z] Transaction
[2025-04-08T18:00:38.828Z] Transaction
[2025-04-08T18:00:38.828Z] This transaction does not appear to be a pump fun transaction
[2025-04-08T18:00:39.112Z] Transaction
[2025-04-08T18:00:39.320Z] Transaction
[2025-04-08T18:00:39.513Z] Transaction
[2025-04-08T18:00:39.801Z] Transaction
[2025-04-08T18:00:39.801Z] This transaction does not appear to be a pump fun transaction
[2025-04-08T18:00:40.010Z] Transaction
[2025-04-08T18:00:40.280Z] Transaction
[2025-04-08T18:00:40.472Z] Transaction
[2025-04-08T18:00:40.473Z] This transaction does not appear to be a pump fun transaction
[2025-04-08T18:00:40.745Z] Transaction
[2025-04-08T18:00:40.745Z] This transaction does not appear to be a pump fun transaction
[2025-04-08T18:00:41.054Z] Transaction
[2025-04-08T18:00:41.300Z] Transaction
[2025-04-08T18:00:41.300Z] This transaction does not appear to be a pump fun transaction
[2025-04-08T18:00:41.591Z] Transaction
[2025-04-08T18:00:41.591Z] This transaction does not appear to be a pump fun transaction
[2025-04-08T18:00:41.795Z] Transaction
[2025-04-08T18:00:41.796Z] This transaction does not appear to be a pump fun transaction
[2025-04-08T18:00:42.056Z] Transaction
[2025-04-08T18:00:42.056Z] This transaction does not appear to be a pump fun transaction
[2025-04-08T18:00:42.330Z] Transaction
[2025-04-08T18:00:42.527Z] Transaction
[2025-04-08T18:00:42.811Z] Transaction
[2025-04-08T18:00:42.811Z] This transaction does not appear to be a pump fun transaction
[2025-04-08T18:00:43.102Z] Transaction
[2025-04-08T18:00:43.102Z] This transaction does not appear to be a pump fun transaction
[2025-04-08T18:00:43.287Z] Transaction
[2025-04-08T18:00:43.287Z] This transaction does not appear to be a pump fun transaction
[2025-04-08T18:00:43.570Z] Transaction
[2025-04-08T18:00:43.570Z] This transaction does not appear to be a pump fun transaction
[2025-04-08T18:00:43.777Z] Transaction
[2025-04-08T18:00:43.777Z] This transaction does not appear to be a pump fun transaction
[2025-04-08T18:00:43.982Z] Transaction
[2025-04-08T18:00:43.982Z] This transaction does not appear to be a pump fun transaction
[2025-04-08T18:00:44.177Z] Transaction
[2025-04-08T18:00:44.177Z] This transaction does not appear to be a pump fun transaction
[2025-04-08T18:00:44.452Z] Transaction
[2025-04-08T18:00:44.452Z] This transaction does not appear to be a pump fun transaction
[2025-04-08T18:00:44.660Z] Transaction
[2025-04-08T18:00:44.660Z] This transaction does not appear to be a pump fun transaction
[2025-04-08T18:00:44.940Z] Transaction
[2025-04-08T18:00:44.940Z] This transaction does not appear to be a pump fun transaction
[2025-04-08T18:00:45.212Z] Transaction
[2025-04-08T18:00:45.212Z] This transaction does not appear to be a pump fun transaction
[2025-04-08T18:00:45.487Z] Transaction
[2025-04-08T18:00:45.487Z] This transaction does not appear to be a pump fun transaction
[2025-04-08T18:00:45.694Z] Transaction
[2025-04-08T18:00:45.887Z] Transaction
[2025-04-08T18:00:46.082Z] Transaction
[2025-04-08T18:00:46.369Z] Transaction
[2025-04-08T18:00:46.370Z] This transaction does not appear to be a pump fun transaction
[2025-04-08T18:00:46.657Z] Transaction
[2025-04-08T18:00:46.657Z] This transaction does not appear to be a pump fun transaction
[2025-04-08T18:00:46.931Z] Transaction
[2025-04-08T18:00:46.931Z] This transaction does not appear to be a pump fun transaction
[2025-04-08T18:00:47.035Z] First run finished !
